# JRE version: Java(TM) SE Runtime Environment (25.0.1+8) (build 25.0.1+8-LTS-27)
# Java VM: Java HotSpot(TM) 64-Bit Server VM (25.0.1+8-LTS-27, mixed mode, sharing, tiered, compressed oops, compressed class ptrs, g1 gc, windows-amd64)
GC Precious Log:
 CardTable entry size: 512
 Card Set container configuration: InlinePtr #cards 4 size 8 Array Of Cards #cards 32 size 80 Howl #buckets 8 coarsen threshold 7372 Howl Bitmap #cards 1024 size 144 coarsen threshold 921 Card regions per heap region 1 cards per card region 8192
 CPUs: 16 total, 16 available
 Memory: 32506M
 Large Page Support: Disabled
 NUMA Support: Disabled
 Compressed Oops: Enabled (Zero based)
 Heap Region Size: 4M
 Heap Min Capacity: 8M
 Heap Initial Capacity: 508M
 Heap Max Capacity: 8128M
 Pre-touch: Disabled
 Parallel Workers: 13
 Concurrent Workers: 3
 Concurrent Refinement Workers: 13
 Periodic GC: Disabled
Heap:
 garbage-first heap   total reserved 8323072K, committed 102400K, used 32280K [0x0000000604000000, 0x0000000800000000)
  region size 4096K, 2 young (8192K), 1 survivors (4096K)
GC Heap Usage History (20 events):
Event: 17667.630 {heap Before GC invocations=38 (full 3):
 garbage-first heap   total reserved 8323072K, committed 102400K, used 88377K [0x0000000604000000, 0x0000000800000000)
  region size 4096K, 14 young (57344K), 1 survivors (4096K)
}
Event: 17667.640 {heap After GC invocations=39 (full 3):
 garbage-first heap   total reserved 8323072K, committed 102400K, used 34980K [0x0000000604000000, 0x0000000800000000)
  region size 4096K, 1 young (4096K), 1 survivors (4096K)
}
Event: 19002.904 {heap Before GC invocations=40 (full 3):
 garbage-first heap   total reserved 8323072K, committed 102400K, used 88228K [0x0000000604000000, 0x0000000800000000)
  region size 4096K, 14 young (57344K), 1 survivors (4096K)
}
Event: 19002.907 {heap After GC invocations=41 (full 3):
 garbage-first heap   total reserved 8323072K, committed 102400K, used 35080K [0x0000000604000000, 0x0000000800000000)
  region size 4096K, 1 young (4096K), 1 survivors (4096K)
}
Event: 20307.788 {heap Before GC invocations=41 (full 3):
 garbage-first heap   total reserved 8323072K, committed 102400K, used 88328K [0x0000000604000000, 0x0000000800000000)
  region size 4096K, 14 young (57344K), 1 survivors (4096K)
}
Event: 20307.795 {heap After GC invocations=42 (full 3):
 garbage-first heap   total reserved 8323072K, committed 102400K, used 33957K [0x0000000604000000, 0x0000000800000000)
  region size 4096K, 1 young (4096K), 1 survivors (4096K)
}
Event: 21724.522 {heap Before GC invocations=42 (full 3):
 garbage-first heap   total reserved 8323072K, committed 102400K, used 91301K [0x0000000604000000, 0x0000000800000000)
  region size 4096K, 15 young (61440K), 1 survivors (4096K)
}
Event: 21724.525 {heap After GC invocations=43 (full 3):
 garbage-first heap   total reserved 8323072K, committed 102400K, used 33910K [0x0000000604000000, 0x0000000800000000)
  region size 4096K, 1 young (4096K), 1 survivors (4096K)
}
Event: 23198.290 {heap Before GC invocations=44 (full 3):
 garbage-first heap   total reserved 8323072K, committed 102400K, used 91254K [0x0000000604000000, 0x0000000800000000)
  region size 4096K, 15 young (61440K), 1 survivors (4096K)
}
Event: 23198.292 {heap After GC invocations=45 (full 3):
 garbage-first heap   total reserved 8323072K, committed 102400K, used 34125K [0x0000000604000000, 0x0000000800000000)
  region size 4096K, 1 young (4096K), 1 survivors (4096K)
}
Event: 32100.471 {heap Before GC invocations=45 (full 3):
 garbage-first heap   total reserved 8323072K, committed 102400K, used 87373K [0x0000000604000000, 0x0000000800000000)
  region size 4096K, 14 young (57344K), 1 survivors (4096K)
}
Event: 32100.478 {heap After GC invocations=46 (full 3):
 garbage-first heap   total reserved 8323072K, committed 102400K, used 33240K [0x0000000604000000, 0x0000000800000000)
  region size 4096K, 1 young (4096K), 1 survivors (4096K)
}
Event: 33414.550 {heap Before GC invocations=46 (full 3):
 garbage-first heap   total reserved 8323072K, committed 102400K, used 86488K [0x0000000604000000, 0x0000000800000000)
  region size 4096K, 14 young (57344K), 1 survivors (4096K)
}
Event: 33414.553 {heap After GC invocations=47 (full 3):
 garbage-first heap   total reserved 8323072K, committed 102400K, used 33438K [0x0000000604000000, 0x0000000800000000)
  region size 4096K, 1 young (4096K), 1 survivors (4096K)
}
Event: 34742.459 {heap Before GC invocations=48 (full 3):
 garbage-first heap   total reserved 8323072K, committed 102400K, used 86686K [0x0000000604000000, 0x0000000800000000)
  region size 4096K, 14 young (57344K), 1 survivors (4096K)
}
Event: 34742.461 {heap After GC invocations=49 (full 3):
 garbage-first heap   total reserved 8323072K, committed 102400K, used 33520K [0x0000000604000000, 0x0000000800000000)
  region size 4096K, 1 young (4096K), 1 survivors (4096K)
}
Event: 74406.730 {heap Before GC invocations=49 (full 3):
 garbage-first heap   total reserved 8323072K, committed 102400K, used 86768K [0x0000000604000000, 0x0000000800000000)
  region size 4096K, 14 young (57344K), 1 survivors (4096K)
}
Event: 74406.739 {heap After GC invocations=50 (full 3):
 garbage-first heap   total reserved 8323072K, committed 102400K, used 32185K [0x0000000604000000, 0x0000000800000000)
  region size 4096K, 1 young (4096K), 1 survivors (4096K)
}
Event: 76365.981 {heap Before GC invocations=50 (full 3):
 garbage-first heap   total reserved 8323072K, committed 102400K, used 89529K [0x0000000604000000, 0x0000000800000000)
  region size 4096K, 15 young (61440K), 1 survivors (4096K)
}
Event: 76365.984 {heap After GC invocations=51 (full 3):
 garbage-first heap   total reserved 8323072K, committed 102400K, used 32280K [0x0000000604000000, 0x0000000800000000)
  region size 4096K, 1 young (4096K), 1 survivors (4096K)
}

